{"level":"INFO","time":"2024-10-29T21:05:16.395+0800","caller":"user/user.go:40","msg":"短信平台调用成功，发送短信"}
{"level":"INFO","time":"2024-10-31T16:01:36.492+0800","caller":"login.service.v1/login_service.go:37","msg":"短信平台调用成功，发送短信"}
{"level":"INFO","time":"2024-10-31T16:02:46.403+0800","caller":"login.service.v1/login_service.go:37","msg":"短信平台调用成功，发送短信"}
{"level":"INFO","time":"2024-11-02T21:01:41.390+0800","caller":"login.service.v1/login_service.go:38","msg":"短信平台调用成功，发送短信"}
{"level":"INFO","time":"2024-11-02T21:02:49.159+0800","caller":"login.service.v1/login_service.go:38","msg":"短信平台调用成功，发送短信"}
{"level":"INFO","time":"2024-11-05T18:58:06.919+0800","caller":"login.service.v1/login_service.go:38","msg":"短信平台调用成功，发送短信"}
{"level":"ERROR","time":"2024-11-06T18:45:30.733+0800","caller":"discovery/resolver.go:104","msg":"sync failed","error":"context deadline exceeded"}
{"level":"ERROR","time":"2024-11-06T19:57:09.275+0800","caller":"login.service.v1/login_service.go:61","msg":"Register redis get error","error":"redis: nil"}
{"level":"INFO","time":"2024-11-06T20:01:54.782+0800","caller":"login.service.v1/login_service.go:42","msg":"短信平台调用成功，发送短信"}
{"level":"ERROR","time":"2024-11-06T20:01:56.428+0800","caller":"login.service.v1/login_service.go:70","msg":"Register db get error","error":"Error 1146 (42S02): Table 'ms_pro.ms_member' doesn't exist"}
{"level":"ERROR","time":"2024-11-06T20:02:22.099+0800","caller":"login.service.v1/login_service.go:70","msg":"Register db get error","error":"Error 1146 (42S02): Table 'ms_pro.ms_member' doesn't exist"}
{"level":"INFO","time":"2024-11-06T20:20:53.429+0800","caller":"login.service.v1/login_service.go:42","msg":"短信平台调用成功，发送短信"}
{"level":"INFO","time":"2024-11-06T20:24:55.595+0800","caller":"login.service.v1/login_service.go:42","msg":"短信平台调用成功，发送短信"}
{"level":"INFO","time":"2024-11-06T21:12:20.988+0800","caller":"login.service.v1/login_service.go:47","msg":"短信平台调用成功，发送短信"}
{"level":"ERROR","time":"2024-11-06T21:23:33.402+0800","caller":"discovery/discovery.go:121","msg":"register failed","error":"context deadline exceeded"}
{"level":"ERROR","time":"2024-11-06T21:23:36.403+0800","caller":"discovery/discovery.go:121","msg":"register failed","error":"context deadline exceeded"}
{"level":"ERROR","time":"2024-11-06T21:23:39.404+0800","caller":"discovery/discovery.go:121","msg":"register failed","error":"context deadline exceeded"}
{"level":"ERROR","time":"2024-11-06T21:23:42.404+0800","caller":"discovery/discovery.go:121","msg":"register failed","error":"context deadline exceeded"}
{"level":"ERROR","time":"2024-11-06T21:23:45.405+0800","caller":"discovery/discovery.go:121","msg":"register failed","error":"context deadline exceeded"}
{"level":"ERROR","time":"2024-11-06T21:23:48.405+0800","caller":"discovery/discovery.go:121","msg":"register failed","error":"context deadline exceeded"}
{"level":"ERROR","time":"2024-11-06T21:23:51.406+0800","caller":"discovery/discovery.go:121","msg":"register failed","error":"context deadline exceeded"}
{"level":"ERROR","time":"2024-11-06T21:23:54.406+0800","caller":"discovery/discovery.go:121","msg":"register failed","error":"context deadline exceeded"}
{"level":"ERROR","time":"2024-11-06T21:23:57.406+0800","caller":"discovery/discovery.go:121","msg":"register failed","error":"context deadline exceeded"}
{"level":"ERROR","time":"2024-11-06T21:24:00.407+0800","caller":"discovery/discovery.go:121","msg":"register failed","error":"context deadline exceeded"}
{"level":"ERROR","time":"2024-11-06T21:24:03.407+0800","caller":"discovery/discovery.go:121","msg":"register failed","error":"context deadline exceeded"}
{"level":"ERROR","time":"2024-11-06T21:24:06.408+0800","caller":"discovery/discovery.go:121","msg":"register failed","error":"context deadline exceeded"}
{"level":"ERROR","time":"2024-11-06T21:24:09.409+0800","caller":"discovery/discovery.go:121","msg":"register failed","error":"context deadline exceeded"}
{"level":"ERROR","time":"2024-11-06T21:24:12.409+0800","caller":"discovery/discovery.go:121","msg":"register failed","error":"context deadline exceeded"}
{"level":"ERROR","time":"2024-11-06T21:24:15.410+0800","caller":"discovery/discovery.go:121","msg":"register failed","error":"context deadline exceeded"}
{"level":"ERROR","time":"2024-11-06T21:24:16.197+0800","caller":"discovery/resolver.go:104","msg":"sync failed","error":"context deadline exceeded"}
{"level":"ERROR","time":"2024-11-06T21:24:18.410+0800","caller":"discovery/discovery.go:121","msg":"register failed","error":"context deadline exceeded"}
{"level":"ERROR","time":"2024-11-06T21:24:21.412+0800","caller":"discovery/discovery.go:121","msg":"register failed","error":"context deadline exceeded"}
{"level":"ERROR","time":"2024-11-06T21:24:24.412+0800","caller":"discovery/discovery.go:121","msg":"register failed","error":"context deadline exceeded"}
{"level":"ERROR","time":"2024-11-06T21:24:27.413+0800","caller":"discovery/discovery.go:121","msg":"register failed","error":"context deadline exceeded"}
{"level":"ERROR","time":"2024-11-06T21:24:30.413+0800","caller":"discovery/discovery.go:121","msg":"register failed","error":"context deadline exceeded"}
{"level":"ERROR","time":"2024-11-06T21:24:33.413+0800","caller":"discovery/discovery.go:121","msg":"register failed","error":"context deadline exceeded"}
{"level":"ERROR","time":"2024-11-06T21:24:36.414+0800","caller":"discovery/discovery.go:121","msg":"register failed","error":"context deadline exceeded"}
{"level":"ERROR","time":"2024-11-06T21:24:39.415+0800","caller":"discovery/discovery.go:121","msg":"register failed","error":"context deadline exceeded"}
{"level":"ERROR","time":"2024-11-06T21:24:42.415+0800","caller":"discovery/discovery.go:121","msg":"register failed","error":"context deadline exceeded"}
{"level":"ERROR","time":"2024-11-06T21:24:45.416+0800","caller":"discovery/discovery.go:121","msg":"register failed","error":"context deadline exceeded"}
{"level":"ERROR","time":"2024-11-06T21:24:48.416+0800","caller":"discovery/discovery.go:121","msg":"register failed","error":"context deadline exceeded"}
{"level":"ERROR","time":"2024-11-06T21:24:51.417+0800","caller":"discovery/discovery.go:121","msg":"register failed","error":"context deadline exceeded"}
{"level":"ERROR","time":"2024-11-06T21:24:54.417+0800","caller":"discovery/discovery.go:121","msg":"register failed","error":"context deadline exceeded"}
{"level":"ERROR","time":"2024-11-06T21:24:57.418+0800","caller":"discovery/discovery.go:121","msg":"register failed","error":"context deadline exceeded"}
{"level":"ERROR","time":"2024-11-06T21:25:00.418+0800","caller":"discovery/discovery.go:121","msg":"register failed","error":"context deadline exceeded"}
{"level":"ERROR","time":"2024-11-06T21:25:03.419+0800","caller":"discovery/discovery.go:121","msg":"register failed","error":"context deadline exceeded"}
{"level":"ERROR","time":"2024-11-06T21:25:06.420+0800","caller":"discovery/discovery.go:121","msg":"register failed","error":"context deadline exceeded"}
{"level":"ERROR","time":"2024-11-06T21:25:09.420+0800","caller":"discovery/discovery.go:121","msg":"register failed","error":"context deadline exceeded"}
{"level":"ERROR","time":"2024-11-06T21:25:12.420+0800","caller":"discovery/discovery.go:121","msg":"register failed","error":"context deadline exceeded"}
{"level":"ERROR","time":"2024-11-06T21:25:15.421+0800","caller":"discovery/discovery.go:121","msg":"register failed","error":"context deadline exceeded"}
{"level":"ERROR","time":"2024-11-06T21:25:16.187+0800","caller":"discovery/resolver.go:104","msg":"sync failed","error":"context deadline exceeded"}
{"level":"ERROR","time":"2024-11-06T21:25:18.422+0800","caller":"discovery/discovery.go:121","msg":"register failed","error":"context deadline exceeded"}
{"level":"ERROR","time":"2024-11-06T21:25:21.422+0800","caller":"discovery/discovery.go:121","msg":"register failed","error":"context deadline exceeded"}
{"level":"ERROR","time":"2024-11-06T21:25:24.423+0800","caller":"discovery/discovery.go:121","msg":"register failed","error":"context deadline exceeded"}
{"level":"ERROR","time":"2024-11-06T21:25:27.424+0800","caller":"discovery/discovery.go:121","msg":"register failed","error":"context deadline exceeded"}
{"level":"ERROR","time":"2024-11-06T21:25:30.424+0800","caller":"discovery/discovery.go:121","msg":"register failed","error":"context deadline exceeded"}
{"level":"ERROR","time":"2024-11-06T21:25:33.425+0800","caller":"discovery/discovery.go:121","msg":"register failed","error":"context deadline exceeded"}
{"level":"ERROR","time":"2024-11-06T21:25:36.425+0800","caller":"discovery/discovery.go:121","msg":"register failed","error":"context deadline exceeded"}
{"level":"ERROR","time":"2024-11-06T21:25:39.425+0800","caller":"discovery/discovery.go:121","msg":"register failed","error":"context deadline exceeded"}
{"level":"ERROR","time":"2024-11-06T21:25:42.425+0800","caller":"discovery/discovery.go:121","msg":"register failed","error":"context deadline exceeded"}
{"level":"ERROR","time":"2024-11-06T21:25:45.426+0800","caller":"discovery/discovery.go:121","msg":"register failed","error":"context deadline exceeded"}
{"level":"ERROR","time":"2024-11-06T21:25:48.426+0800","caller":"discovery/discovery.go:121","msg":"register failed","error":"context deadline exceeded"}
{"level":"ERROR","time":"2024-11-06T21:25:51.427+0800","caller":"discovery/discovery.go:121","msg":"register failed","error":"context deadline exceeded"}
{"level":"ERROR","time":"2024-11-06T21:25:54.427+0800","caller":"discovery/discovery.go:121","msg":"register failed","error":"context deadline exceeded"}
{"level":"ERROR","time":"2024-11-06T21:25:57.428+0800","caller":"discovery/discovery.go:121","msg":"register failed","error":"context deadline exceeded"}
{"level":"ERROR","time":"2024-11-06T21:26:00.428+0800","caller":"discovery/discovery.go:121","msg":"register failed","error":"context deadline exceeded"}
{"level":"ERROR","time":"2024-11-06T21:26:03.428+0800","caller":"discovery/discovery.go:121","msg":"register failed","error":"context deadline exceeded"}
{"level":"ERROR","time":"2024-11-06T21:26:06.429+0800","caller":"discovery/discovery.go:121","msg":"register failed","error":"context deadline exceeded"}
{"level":"ERROR","time":"2024-11-06T21:26:09.430+0800","caller":"discovery/discovery.go:121","msg":"register failed","error":"context deadline exceeded"}
{"level":"ERROR","time":"2024-11-06T21:26:12.430+0800","caller":"discovery/discovery.go:121","msg":"register failed","error":"context deadline exceeded"}
{"level":"ERROR","time":"2024-11-06T21:26:15.430+0800","caller":"discovery/discovery.go:121","msg":"register failed","error":"context deadline exceeded"}
{"level":"ERROR","time":"2024-11-06T21:26:16.187+0800","caller":"discovery/resolver.go:104","msg":"sync failed","error":"context deadline exceeded"}
{"level":"ERROR","time":"2024-11-06T21:26:18.431+0800","caller":"discovery/discovery.go:121","msg":"register failed","error":"context deadline exceeded"}
{"level":"ERROR","time":"2024-11-06T21:26:21.431+0800","caller":"discovery/discovery.go:121","msg":"register failed","error":"context deadline exceeded"}
{"level":"ERROR","time":"2024-11-06T21:26:24.431+0800","caller":"discovery/discovery.go:121","msg":"register failed","error":"context deadline exceeded"}
{"level":"ERROR","time":"2024-11-06T21:26:27.432+0800","caller":"discovery/discovery.go:121","msg":"register failed","error":"context deadline exceeded"}
{"level":"ERROR","time":"2024-11-06T21:26:30.432+0800","caller":"discovery/discovery.go:121","msg":"register failed","error":"context deadline exceeded"}
{"level":"ERROR","time":"2024-11-06T21:26:33.432+0800","caller":"discovery/discovery.go:121","msg":"register failed","error":"context deadline exceeded"}
{"level":"ERROR","time":"2024-11-06T21:26:36.433+0800","caller":"discovery/discovery.go:121","msg":"register failed","error":"context deadline exceeded"}
{"level":"ERROR","time":"2024-11-06T21:26:39.433+0800","caller":"discovery/discovery.go:121","msg":"register failed","error":"context deadline exceeded"}
{"level":"ERROR","time":"2024-11-06T21:26:42.434+0800","caller":"discovery/discovery.go:121","msg":"register failed","error":"context deadline exceeded"}
{"level":"ERROR","time":"2024-11-06T21:26:45.435+0800","caller":"discovery/discovery.go:121","msg":"register failed","error":"context deadline exceeded"}
{"level":"ERROR","time":"2024-11-06T21:26:48.435+0800","caller":"discovery/discovery.go:121","msg":"register failed","error":"context deadline exceeded"}
{"level":"ERROR","time":"2024-11-06T21:26:51.435+0800","caller":"discovery/discovery.go:121","msg":"register failed","error":"context deadline exceeded"}
{"level":"ERROR","time":"2024-11-06T21:26:54.436+0800","caller":"discovery/discovery.go:121","msg":"register failed","error":"context deadline exceeded"}
{"level":"ERROR","time":"2024-11-06T21:26:57.436+0800","caller":"discovery/discovery.go:121","msg":"register failed","error":"context deadline exceeded"}
{"level":"ERROR","time":"2024-11-06T21:27:00.437+0800","caller":"discovery/discovery.go:121","msg":"register failed","error":"context deadline exceeded"}
{"level":"ERROR","time":"2024-11-06T21:27:03.437+0800","caller":"discovery/discovery.go:121","msg":"register failed","error":"context deadline exceeded"}
{"level":"ERROR","time":"2024-11-06T21:27:06.437+0800","caller":"discovery/discovery.go:121","msg":"register failed","error":"context deadline exceeded"}
{"level":"ERROR","time":"2024-11-06T21:27:09.438+0800","caller":"discovery/discovery.go:121","msg":"register failed","error":"context deadline exceeded"}
{"level":"ERROR","time":"2024-11-06T21:27:12.438+0800","caller":"discovery/discovery.go:121","msg":"register failed","error":"context deadline exceeded"}
{"level":"ERROR","time":"2024-11-06T21:27:15.439+0800","caller":"discovery/discovery.go:121","msg":"register failed","error":"context deadline exceeded"}
{"level":"ERROR","time":"2024-11-06T21:27:16.187+0800","caller":"discovery/resolver.go:104","msg":"sync failed","error":"context deadline exceeded"}
{"level":"ERROR","time":"2024-11-06T21:27:18.439+0800","caller":"discovery/discovery.go:121","msg":"register failed","error":"context deadline exceeded"}
{"level":"ERROR","time":"2024-11-06T21:27:21.439+0800","caller":"discovery/discovery.go:121","msg":"register failed","error":"context deadline exceeded"}
{"level":"ERROR","time":"2024-11-06T21:27:24.440+0800","caller":"discovery/discovery.go:121","msg":"register failed","error":"context deadline exceeded"}
{"level":"ERROR","time":"2024-11-06T21:27:27.440+0800","caller":"discovery/discovery.go:121","msg":"register failed","error":"context deadline exceeded"}
{"level":"ERROR","time":"2024-11-06T21:27:30.441+0800","caller":"discovery/discovery.go:121","msg":"register failed","error":"context deadline exceeded"}
{"level":"ERROR","time":"2024-11-06T21:27:33.441+0800","caller":"discovery/discovery.go:121","msg":"register failed","error":"context deadline exceeded"}
{"level":"ERROR","time":"2024-11-06T21:27:36.441+0800","caller":"discovery/discovery.go:121","msg":"register failed","error":"context deadline exceeded"}
{"level":"ERROR","time":"2024-11-06T21:27:39.442+0800","caller":"discovery/discovery.go:121","msg":"register failed","error":"context deadline exceeded"}
{"level":"ERROR","time":"2024-11-06T21:27:42.442+0800","caller":"discovery/discovery.go:121","msg":"register failed","error":"context deadline exceeded"}
{"level":"ERROR","time":"2024-11-06T21:27:45.443+0800","caller":"discovery/discovery.go:121","msg":"register failed","error":"context deadline exceeded"}
{"level":"ERROR","time":"2024-11-06T21:27:48.443+0800","caller":"discovery/discovery.go:121","msg":"register failed","error":"context deadline exceeded"}
{"level":"ERROR","time":"2024-11-06T21:27:51.443+0800","caller":"discovery/discovery.go:121","msg":"register failed","error":"context deadline exceeded"}
{"level":"ERROR","time":"2024-11-06T21:27:54.444+0800","caller":"discovery/discovery.go:121","msg":"register failed","error":"context deadline exceeded"}
{"level":"ERROR","time":"2024-11-06T21:27:57.444+0800","caller":"discovery/discovery.go:121","msg":"register failed","error":"context deadline exceeded"}
{"level":"ERROR","time":"2024-11-06T21:28:00.444+0800","caller":"discovery/discovery.go:121","msg":"register failed","error":"context deadline exceeded"}
{"level":"ERROR","time":"2024-11-06T21:28:03.445+0800","caller":"discovery/discovery.go:121","msg":"register failed","error":"context deadline exceeded"}
{"level":"ERROR","time":"2024-11-06T21:28:06.445+0800","caller":"discovery/discovery.go:121","msg":"register failed","error":"context deadline exceeded"}
{"level":"ERROR","time":"2024-11-06T21:28:09.445+0800","caller":"discovery/discovery.go:121","msg":"register failed","error":"context deadline exceeded"}
{"level":"ERROR","time":"2024-11-06T21:28:12.445+0800","caller":"discovery/discovery.go:121","msg":"register failed","error":"context deadline exceeded"}
{"level":"ERROR","time":"2024-11-06T21:28:15.446+0800","caller":"discovery/discovery.go:121","msg":"register failed","error":"context deadline exceeded"}
{"level":"ERROR","time":"2024-11-06T21:28:16.187+0800","caller":"discovery/resolver.go:104","msg":"sync failed","error":"context deadline exceeded"}
{"level":"ERROR","time":"2024-11-06T21:28:18.446+0800","caller":"discovery/discovery.go:121","msg":"register failed","error":"context deadline exceeded"}
{"level":"ERROR","time":"2024-11-06T21:28:21.446+0800","caller":"discovery/discovery.go:121","msg":"register failed","error":"context deadline exceeded"}
{"level":"ERROR","time":"2024-11-06T21:28:24.447+0800","caller":"discovery/discovery.go:121","msg":"register failed","error":"context deadline exceeded"}
{"level":"ERROR","time":"2024-11-06T21:28:27.447+0800","caller":"discovery/discovery.go:121","msg":"register failed","error":"context deadline exceeded"}
{"level":"ERROR","time":"2024-11-06T21:28:30.447+0800","caller":"discovery/discovery.go:121","msg":"register failed","error":"context deadline exceeded"}
{"level":"ERROR","time":"2024-11-06T21:28:33.448+0800","caller":"discovery/discovery.go:121","msg":"register failed","error":"context deadline exceeded"}
{"level":"ERROR","time":"2024-11-06T21:28:36.448+0800","caller":"discovery/discovery.go:121","msg":"register failed","error":"context deadline exceeded"}
{"level":"ERROR","time":"2024-11-06T21:28:39.449+0800","caller":"discovery/discovery.go:121","msg":"register failed","error":"context deadline exceeded"}
{"level":"ERROR","time":"2024-11-06T21:28:42.449+0800","caller":"discovery/discovery.go:121","msg":"register failed","error":"context deadline exceeded"}
{"level":"ERROR","time":"2024-11-06T21:28:45.449+0800","caller":"discovery/discovery.go:121","msg":"register failed","error":"context deadline exceeded"}
{"level":"ERROR","time":"2024-11-06T21:28:48.450+0800","caller":"discovery/discovery.go:121","msg":"register failed","error":"context deadline exceeded"}
{"level":"ERROR","time":"2024-11-06T21:28:51.450+0800","caller":"discovery/discovery.go:121","msg":"register failed","error":"context deadline exceeded"}
{"level":"ERROR","time":"2024-11-06T21:28:54.450+0800","caller":"discovery/discovery.go:121","msg":"register failed","error":"context deadline exceeded"}
{"level":"ERROR","time":"2024-11-06T21:28:57.451+0800","caller":"discovery/discovery.go:121","msg":"register failed","error":"context deadline exceeded"}
{"level":"ERROR","time":"2024-11-06T21:29:00.451+0800","caller":"discovery/discovery.go:121","msg":"register failed","error":"context deadline exceeded"}
{"level":"ERROR","time":"2024-11-06T21:29:03.451+0800","caller":"discovery/discovery.go:121","msg":"register failed","error":"context deadline exceeded"}
{"level":"ERROR","time":"2024-11-06T21:29:06.452+0800","caller":"discovery/discovery.go:121","msg":"register failed","error":"context deadline exceeded"}
{"level":"ERROR","time":"2024-11-06T21:29:09.452+0800","caller":"discovery/discovery.go:121","msg":"register failed","error":"context deadline exceeded"}
{"level":"ERROR","time":"2024-11-06T21:29:12.452+0800","caller":"discovery/discovery.go:121","msg":"register failed","error":"context deadline exceeded"}
{"level":"ERROR","time":"2024-11-06T21:29:15.453+0800","caller":"discovery/discovery.go:121","msg":"register failed","error":"context deadline exceeded"}
{"level":"ERROR","time":"2024-11-06T21:29:16.187+0800","caller":"discovery/resolver.go:104","msg":"sync failed","error":"context deadline exceeded"}
{"level":"ERROR","time":"2024-11-06T21:29:18.453+0800","caller":"discovery/discovery.go:121","msg":"register failed","error":"context deadline exceeded"}
{"level":"ERROR","time":"2024-11-06T21:29:21.454+0800","caller":"discovery/discovery.go:121","msg":"register failed","error":"context deadline exceeded"}
{"level":"ERROR","time":"2024-11-06T21:29:24.454+0800","caller":"discovery/discovery.go:121","msg":"register failed","error":"context deadline exceeded"}
{"level":"ERROR","time":"2024-11-06T21:29:27.454+0800","caller":"discovery/discovery.go:121","msg":"register failed","error":"context deadline exceeded"}
{"level":"ERROR","time":"2024-11-06T21:29:30.455+0800","caller":"discovery/discovery.go:121","msg":"register failed","error":"context deadline exceeded"}
{"level":"ERROR","time":"2024-11-06T21:29:33.455+0800","caller":"discovery/discovery.go:121","msg":"register failed","error":"context deadline exceeded"}
{"level":"ERROR","time":"2024-11-06T21:29:36.456+0800","caller":"discovery/discovery.go:121","msg":"register failed","error":"context deadline exceeded"}
{"level":"ERROR","time":"2024-11-06T21:29:39.456+0800","caller":"discovery/discovery.go:121","msg":"register failed","error":"context deadline exceeded"}
{"level":"ERROR","time":"2024-11-06T21:29:42.457+0800","caller":"discovery/discovery.go:121","msg":"register failed","error":"context deadline exceeded"}
{"level":"ERROR","time":"2024-11-06T21:29:45.457+0800","caller":"discovery/discovery.go:121","msg":"register failed","error":"context deadline exceeded"}
{"level":"ERROR","time":"2024-11-06T21:29:48.458+0800","caller":"discovery/discovery.go:121","msg":"register failed","error":"context deadline exceeded"}
{"level":"ERROR","time":"2024-11-06T21:29:51.458+0800","caller":"discovery/discovery.go:121","msg":"register failed","error":"context deadline exceeded"}
{"level":"ERROR","time":"2024-11-06T21:29:54.458+0800","caller":"discovery/discovery.go:121","msg":"register failed","error":"context deadline exceeded"}
{"level":"ERROR","time":"2024-11-06T21:29:57.459+0800","caller":"discovery/discovery.go:121","msg":"register failed","error":"context deadline exceeded"}
{"level":"ERROR","time":"2024-11-06T21:30:00.459+0800","caller":"discovery/discovery.go:121","msg":"register failed","error":"context deadline exceeded"}
{"level":"ERROR","time":"2024-11-06T21:30:03.459+0800","caller":"discovery/discovery.go:121","msg":"register failed","error":"context deadline exceeded"}
{"level":"ERROR","time":"2024-11-06T21:30:06.459+0800","caller":"discovery/discovery.go:121","msg":"register failed","error":"context deadline exceeded"}
{"level":"ERROR","time":"2024-11-06T21:30:09.459+0800","caller":"discovery/discovery.go:121","msg":"register failed","error":"context deadline exceeded"}
{"level":"ERROR","time":"2024-11-06T21:30:12.460+0800","caller":"discovery/discovery.go:121","msg":"register failed","error":"context deadline exceeded"}
{"level":"ERROR","time":"2024-11-06T21:30:15.460+0800","caller":"discovery/discovery.go:121","msg":"register failed","error":"context deadline exceeded"}
{"level":"ERROR","time":"2024-11-06T21:30:16.187+0800","caller":"discovery/resolver.go:104","msg":"sync failed","error":"context deadline exceeded"}
{"level":"ERROR","time":"2024-11-06T21:30:18.460+0800","caller":"discovery/discovery.go:121","msg":"register failed","error":"context deadline exceeded"}
{"level":"ERROR","time":"2024-11-06T21:30:21.460+0800","caller":"discovery/discovery.go:121","msg":"register failed","error":"context deadline exceeded"}
{"level":"ERROR","time":"2024-11-06T21:30:24.461+0800","caller":"discovery/discovery.go:121","msg":"register failed","error":"context deadline exceeded"}
{"level":"ERROR","time":"2024-11-06T21:30:27.461+0800","caller":"discovery/discovery.go:121","msg":"register failed","error":"context deadline exceeded"}
{"level":"ERROR","time":"2024-11-06T21:30:30.462+0800","caller":"discovery/discovery.go:121","msg":"register failed","error":"context deadline exceeded"}
{"level":"ERROR","time":"2024-11-06T21:30:33.462+0800","caller":"discovery/discovery.go:121","msg":"register failed","error":"context deadline exceeded"}
{"level":"ERROR","time":"2024-11-06T21:30:36.463+0800","caller":"discovery/discovery.go:121","msg":"register failed","error":"context deadline exceeded"}
{"level":"ERROR","time":"2024-11-06T21:30:39.463+0800","caller":"discovery/discovery.go:121","msg":"register failed","error":"context deadline exceeded"}
{"level":"ERROR","time":"2024-11-06T21:30:42.463+0800","caller":"discovery/discovery.go:121","msg":"register failed","error":"context deadline exceeded"}
{"level":"ERROR","time":"2024-11-06T21:30:45.464+0800","caller":"discovery/discovery.go:121","msg":"register failed","error":"context deadline exceeded"}
{"level":"ERROR","time":"2024-11-06T21:30:48.465+0800","caller":"discovery/discovery.go:121","msg":"register failed","error":"context deadline exceeded"}
{"level":"ERROR","time":"2024-11-06T21:30:51.466+0800","caller":"discovery/discovery.go:121","msg":"register failed","error":"context deadline exceeded"}
{"level":"ERROR","time":"2024-11-06T21:30:54.467+0800","caller":"discovery/discovery.go:121","msg":"register failed","error":"context deadline exceeded"}
{"level":"ERROR","time":"2024-11-06T21:30:57.467+0800","caller":"discovery/discovery.go:121","msg":"register failed","error":"context deadline exceeded"}
{"level":"ERROR","time":"2024-11-06T21:31:00.468+0800","caller":"discovery/discovery.go:121","msg":"register failed","error":"context deadline exceeded"}
{"level":"ERROR","time":"2024-11-06T21:31:03.469+0800","caller":"discovery/discovery.go:121","msg":"register failed","error":"context deadline exceeded"}
{"level":"ERROR","time":"2024-11-06T21:31:06.469+0800","caller":"discovery/discovery.go:121","msg":"register failed","error":"context deadline exceeded"}
{"level":"ERROR","time":"2024-11-06T21:31:09.470+0800","caller":"discovery/discovery.go:121","msg":"register failed","error":"context deadline exceeded"}
{"level":"ERROR","time":"2024-11-06T21:31:12.470+0800","caller":"discovery/discovery.go:121","msg":"register failed","error":"context deadline exceeded"}
{"level":"ERROR","time":"2024-11-06T21:31:15.471+0800","caller":"discovery/discovery.go:121","msg":"register failed","error":"context deadline exceeded"}
{"level":"ERROR","time":"2024-11-06T21:31:16.187+0800","caller":"discovery/resolver.go:104","msg":"sync failed","error":"context deadline exceeded"}
{"level":"ERROR","time":"2024-11-06T21:31:18.471+0800","caller":"discovery/discovery.go:121","msg":"register failed","error":"context deadline exceeded"}
{"level":"ERROR","time":"2024-11-06T21:31:21.471+0800","caller":"discovery/discovery.go:121","msg":"register failed","error":"context deadline exceeded"}
{"level":"ERROR","time":"2024-11-06T21:31:24.472+0800","caller":"discovery/discovery.go:121","msg":"register failed","error":"context deadline exceeded"}
{"level":"ERROR","time":"2024-11-06T21:31:27.473+0800","caller":"discovery/discovery.go:121","msg":"register failed","error":"context deadline exceeded"}
{"level":"ERROR","time":"2024-11-06T21:31:30.474+0800","caller":"discovery/discovery.go:121","msg":"register failed","error":"context deadline exceeded"}
{"level":"ERROR","time":"2024-11-06T21:31:33.474+0800","caller":"discovery/discovery.go:121","msg":"register failed","error":"context deadline exceeded"}
{"level":"ERROR","time":"2024-11-06T21:31:36.475+0800","caller":"discovery/discovery.go:121","msg":"register failed","error":"context deadline exceeded"}
{"level":"ERROR","time":"2024-11-06T21:31:39.475+0800","caller":"discovery/discovery.go:121","msg":"register failed","error":"context deadline exceeded"}
{"level":"ERROR","time":"2024-11-06T21:31:42.476+0800","caller":"discovery/discovery.go:121","msg":"register failed","error":"context deadline exceeded"}
{"level":"ERROR","time":"2024-11-06T21:31:45.476+0800","caller":"discovery/discovery.go:121","msg":"register failed","error":"context deadline exceeded"}
{"level":"ERROR","time":"2024-11-06T21:31:48.477+0800","caller":"discovery/discovery.go:121","msg":"register failed","error":"context deadline exceeded"}
{"level":"ERROR","time":"2024-11-06T21:31:51.477+0800","caller":"discovery/discovery.go:121","msg":"register failed","error":"context deadline exceeded"}
{"level":"ERROR","time":"2024-11-06T21:31:54.478+0800","caller":"discovery/discovery.go:121","msg":"register failed","error":"context deadline exceeded"}
{"level":"ERROR","time":"2024-11-06T21:31:57.479+0800","caller":"discovery/discovery.go:121","msg":"register failed","error":"context deadline exceeded"}
{"level":"ERROR","time":"2024-11-06T21:32:00.479+0800","caller":"discovery/discovery.go:121","msg":"register failed","error":"context deadline exceeded"}
{"level":"ERROR","time":"2024-11-06T21:32:03.480+0800","caller":"discovery/discovery.go:121","msg":"register failed","error":"context deadline exceeded"}
{"level":"ERROR","time":"2024-11-06T21:32:06.480+0800","caller":"discovery/discovery.go:121","msg":"register failed","error":"context deadline exceeded"}
{"level":"ERROR","time":"2024-11-06T21:32:09.481+0800","caller":"discovery/discovery.go:121","msg":"register failed","error":"context deadline exceeded"}
{"level":"ERROR","time":"2024-11-06T21:32:12.481+0800","caller":"discovery/discovery.go:121","msg":"register failed","error":"context deadline exceeded"}
{"level":"ERROR","time":"2024-11-06T21:32:15.482+0800","caller":"discovery/discovery.go:121","msg":"register failed","error":"context deadline exceeded"}
{"level":"ERROR","time":"2024-11-06T21:32:16.187+0800","caller":"discovery/resolver.go:104","msg":"sync failed","error":"context deadline exceeded"}
{"level":"ERROR","time":"2024-11-06T21:32:18.482+0800","caller":"discovery/discovery.go:121","msg":"register failed","error":"context deadline exceeded"}
{"level":"ERROR","time":"2024-11-06T21:32:21.482+0800","caller":"discovery/discovery.go:121","msg":"register failed","error":"context deadline exceeded"}
{"level":"ERROR","time":"2024-11-06T21:32:24.483+0800","caller":"discovery/discovery.go:121","msg":"register failed","error":"context deadline exceeded"}
{"level":"ERROR","time":"2024-11-06T21:32:27.483+0800","caller":"discovery/discovery.go:121","msg":"register failed","error":"context deadline exceeded"}
{"level":"ERROR","time":"2024-11-06T21:32:30.484+0800","caller":"discovery/discovery.go:121","msg":"register failed","error":"context deadline exceeded"}
{"level":"ERROR","time":"2024-11-06T21:32:33.484+0800","caller":"discovery/discovery.go:121","msg":"register failed","error":"context deadline exceeded"}
{"level":"ERROR","time":"2024-11-06T21:32:36.484+0800","caller":"discovery/discovery.go:121","msg":"register failed","error":"context deadline exceeded"}
{"level":"ERROR","time":"2024-11-06T21:32:39.485+0800","caller":"discovery/discovery.go:121","msg":"register failed","error":"context deadline exceeded"}
{"level":"ERROR","time":"2024-11-06T21:32:42.485+0800","caller":"discovery/discovery.go:121","msg":"register failed","error":"context deadline exceeded"}
{"level":"ERROR","time":"2024-11-06T21:32:45.486+0800","caller":"discovery/discovery.go:121","msg":"register failed","error":"context deadline exceeded"}
{"level":"ERROR","time":"2024-11-06T21:32:48.487+0800","caller":"discovery/discovery.go:121","msg":"register failed","error":"context deadline exceeded"}
{"level":"ERROR","time":"2024-11-06T21:32:51.487+0800","caller":"discovery/discovery.go:121","msg":"register failed","error":"context deadline exceeded"}
{"level":"ERROR","time":"2024-11-06T21:32:54.488+0800","caller":"discovery/discovery.go:121","msg":"register failed","error":"context deadline exceeded"}
{"level":"ERROR","time":"2024-11-06T21:32:57.488+0800","caller":"discovery/discovery.go:121","msg":"register failed","error":"context deadline exceeded"}
{"level":"ERROR","time":"2024-11-06T21:33:00.488+0800","caller":"discovery/discovery.go:121","msg":"register failed","error":"context deadline exceeded"}
{"level":"ERROR","time":"2024-11-06T21:33:03.489+0800","caller":"discovery/discovery.go:121","msg":"register failed","error":"context deadline exceeded"}
{"level":"ERROR","time":"2024-11-06T21:33:06.490+0800","caller":"discovery/discovery.go:121","msg":"register failed","error":"context deadline exceeded"}
{"level":"ERROR","time":"2024-11-06T21:33:09.490+0800","caller":"discovery/discovery.go:121","msg":"register failed","error":"context deadline exceeded"}
{"level":"ERROR","time":"2024-11-06T21:33:12.491+0800","caller":"discovery/discovery.go:121","msg":"register failed","error":"context deadline exceeded"}
{"level":"ERROR","time":"2024-11-06T21:33:15.491+0800","caller":"discovery/discovery.go:121","msg":"register failed","error":"context deadline exceeded"}
{"level":"ERROR","time":"2024-11-06T21:33:16.187+0800","caller":"discovery/resolver.go:104","msg":"sync failed","error":"context deadline exceeded"}
{"level":"ERROR","time":"2024-11-06T21:33:18.492+0800","caller":"discovery/discovery.go:121","msg":"register failed","error":"context deadline exceeded"}
{"level":"ERROR","time":"2024-11-06T21:33:21.492+0800","caller":"discovery/discovery.go:121","msg":"register failed","error":"context deadline exceeded"}
{"level":"ERROR","time":"2024-11-06T21:33:24.493+0800","caller":"discovery/discovery.go:121","msg":"register failed","error":"context deadline exceeded"}
{"level":"ERROR","time":"2024-11-06T21:33:27.493+0800","caller":"discovery/discovery.go:121","msg":"register failed","error":"context deadline exceeded"}
{"level":"ERROR","time":"2024-11-06T21:33:30.494+0800","caller":"discovery/discovery.go:121","msg":"register failed","error":"context deadline exceeded"}
{"level":"ERROR","time":"2024-11-06T21:33:33.495+0800","caller":"discovery/discovery.go:121","msg":"register failed","error":"context deadline exceeded"}
{"level":"ERROR","time":"2024-11-06T21:33:36.495+0800","caller":"discovery/discovery.go:121","msg":"register failed","error":"context deadline exceeded"}
{"level":"ERROR","time":"2024-11-06T21:33:39.496+0800","caller":"discovery/discovery.go:121","msg":"register failed","error":"context deadline exceeded"}
{"level":"ERROR","time":"2024-11-06T21:33:42.496+0800","caller":"discovery/discovery.go:121","msg":"register failed","error":"context deadline exceeded"}
{"level":"ERROR","time":"2024-11-06T21:33:45.496+0800","caller":"discovery/discovery.go:121","msg":"register failed","error":"context deadline exceeded"}
{"level":"ERROR","time":"2024-11-06T21:33:48.496+0800","caller":"discovery/discovery.go:121","msg":"register failed","error":"context deadline exceeded"}
{"level":"ERROR","time":"2024-11-06T21:33:51.497+0800","caller":"discovery/discovery.go:121","msg":"register failed","error":"context deadline exceeded"}
{"level":"ERROR","time":"2024-11-06T21:33:54.497+0800","caller":"discovery/discovery.go:121","msg":"register failed","error":"context deadline exceeded"}
{"level":"ERROR","time":"2024-11-06T21:33:57.497+0800","caller":"discovery/discovery.go:121","msg":"register failed","error":"context deadline exceeded"}
{"level":"ERROR","time":"2024-11-06T21:34:00.497+0800","caller":"discovery/discovery.go:121","msg":"register failed","error":"context deadline exceeded"}
{"level":"ERROR","time":"2024-11-06T21:34:03.498+0800","caller":"discovery/discovery.go:121","msg":"register failed","error":"context deadline exceeded"}
{"level":"ERROR","time":"2024-11-06T21:34:06.498+0800","caller":"discovery/discovery.go:121","msg":"register failed","error":"context deadline exceeded"}
{"level":"ERROR","time":"2024-11-06T21:34:09.499+0800","caller":"discovery/discovery.go:121","msg":"register failed","error":"context deadline exceeded"}
{"level":"ERROR","time":"2024-11-06T21:34:12.499+0800","caller":"discovery/discovery.go:121","msg":"register failed","error":"context deadline exceeded"}
{"level":"ERROR","time":"2024-11-06T21:34:15.500+0800","caller":"discovery/discovery.go:121","msg":"register failed","error":"context deadline exceeded"}
{"level":"ERROR","time":"2024-11-06T21:34:16.187+0800","caller":"discovery/resolver.go:104","msg":"sync failed","error":"context deadline exceeded"}
{"level":"ERROR","time":"2024-11-06T21:34:18.500+0800","caller":"discovery/discovery.go:121","msg":"register failed","error":"context deadline exceeded"}
{"level":"ERROR","time":"2024-11-06T21:34:21.501+0800","caller":"discovery/discovery.go:121","msg":"register failed","error":"context deadline exceeded"}
{"level":"ERROR","time":"2024-11-06T21:34:24.501+0800","caller":"discovery/discovery.go:121","msg":"register failed","error":"context deadline exceeded"}
{"level":"ERROR","time":"2024-11-06T21:34:27.502+0800","caller":"discovery/discovery.go:121","msg":"register failed","error":"context deadline exceeded"}
{"level":"ERROR","time":"2024-11-06T21:34:30.502+0800","caller":"discovery/discovery.go:121","msg":"register failed","error":"context deadline exceeded"}
{"level":"ERROR","time":"2024-11-06T21:34:33.503+0800","caller":"discovery/discovery.go:121","msg":"register failed","error":"context deadline exceeded"}
{"level":"ERROR","time":"2024-11-06T21:34:36.504+0800","caller":"discovery/discovery.go:121","msg":"register failed","error":"context deadline exceeded"}
{"level":"ERROR","time":"2024-11-06T21:34:39.504+0800","caller":"discovery/discovery.go:121","msg":"register failed","error":"context deadline exceeded"}
{"level":"ERROR","time":"2024-11-06T21:34:42.504+0800","caller":"discovery/discovery.go:121","msg":"register failed","error":"context deadline exceeded"}
{"level":"ERROR","time":"2024-11-06T21:34:45.505+0800","caller":"discovery/discovery.go:121","msg":"register failed","error":"context deadline exceeded"}
{"level":"ERROR","time":"2024-11-06T21:34:48.505+0800","caller":"discovery/discovery.go:121","msg":"register failed","error":"context deadline exceeded"}
{"level":"ERROR","time":"2024-11-06T21:34:51.505+0800","caller":"discovery/discovery.go:121","msg":"register failed","error":"context deadline exceeded"}
{"level":"ERROR","time":"2024-11-06T21:34:54.506+0800","caller":"discovery/discovery.go:121","msg":"register failed","error":"context deadline exceeded"}
{"level":"ERROR","time":"2024-11-06T21:34:57.506+0800","caller":"discovery/discovery.go:121","msg":"register failed","error":"context deadline exceeded"}
{"level":"ERROR","time":"2024-11-06T21:35:00.507+0800","caller":"discovery/discovery.go:121","msg":"register failed","error":"context deadline exceeded"}
{"level":"ERROR","time":"2024-11-06T21:35:03.508+0800","caller":"discovery/discovery.go:121","msg":"register failed","error":"context deadline exceeded"}
{"level":"ERROR","time":"2024-11-06T21:35:06.508+0800","caller":"discovery/discovery.go:121","msg":"register failed","error":"context deadline exceeded"}
{"level":"ERROR","time":"2024-11-06T21:35:09.509+0800","caller":"discovery/discovery.go:121","msg":"register failed","error":"context deadline exceeded"}
{"level":"ERROR","time":"2024-11-06T21:35:12.509+0800","caller":"discovery/discovery.go:121","msg":"register failed","error":"context deadline exceeded"}
{"level":"ERROR","time":"2024-11-06T21:35:15.509+0800","caller":"discovery/discovery.go:121","msg":"register failed","error":"context deadline exceeded"}
{"level":"ERROR","time":"2024-11-06T21:35:16.187+0800","caller":"discovery/resolver.go:104","msg":"sync failed","error":"context deadline exceeded"}
{"level":"ERROR","time":"2024-11-06T21:35:18.510+0800","caller":"discovery/discovery.go:121","msg":"register failed","error":"context deadline exceeded"}
{"level":"ERROR","time":"2024-11-06T21:35:21.510+0800","caller":"discovery/discovery.go:121","msg":"register failed","error":"context deadline exceeded"}
{"level":"ERROR","time":"2024-11-06T21:35:24.511+0800","caller":"discovery/discovery.go:121","msg":"register failed","error":"context deadline exceeded"}
{"level":"ERROR","time":"2024-11-06T21:35:27.512+0800","caller":"discovery/discovery.go:121","msg":"register failed","error":"context deadline exceeded"}
{"level":"ERROR","time":"2024-11-06T21:35:30.512+0800","caller":"discovery/discovery.go:121","msg":"register failed","error":"context deadline exceeded"}
{"level":"ERROR","time":"2024-11-06T21:35:33.512+0800","caller":"discovery/discovery.go:121","msg":"register failed","error":"context deadline exceeded"}
{"level":"ERROR","time":"2024-11-06T21:35:36.513+0800","caller":"discovery/discovery.go:121","msg":"register failed","error":"context deadline exceeded"}
{"level":"ERROR","time":"2024-11-06T21:35:39.513+0800","caller":"discovery/discovery.go:121","msg":"register failed","error":"context deadline exceeded"}
{"level":"ERROR","time":"2024-11-06T21:35:42.514+0800","caller":"discovery/discovery.go:121","msg":"register failed","error":"context deadline exceeded"}
{"level":"ERROR","time":"2024-11-06T21:35:45.514+0800","caller":"discovery/discovery.go:121","msg":"register failed","error":"context deadline exceeded"}
{"level":"ERROR","time":"2024-11-06T21:35:48.515+0800","caller":"discovery/discovery.go:121","msg":"register failed","error":"context deadline exceeded"}
{"level":"ERROR","time":"2024-11-06T21:35:51.515+0800","caller":"discovery/discovery.go:121","msg":"register failed","error":"context deadline exceeded"}
{"level":"ERROR","time":"2024-11-06T21:35:54.516+0800","caller":"discovery/discovery.go:121","msg":"register failed","error":"context deadline exceeded"}
{"level":"ERROR","time":"2024-11-06T21:35:57.516+0800","caller":"discovery/discovery.go:121","msg":"register failed","error":"context deadline exceeded"}
{"level":"ERROR","time":"2024-11-06T21:36:00.517+0800","caller":"discovery/discovery.go:121","msg":"register failed","error":"context deadline exceeded"}
{"level":"ERROR","time":"2024-11-06T21:36:03.517+0800","caller":"discovery/discovery.go:121","msg":"register failed","error":"context deadline exceeded"}
{"level":"ERROR","time":"2024-11-06T21:36:06.518+0800","caller":"discovery/discovery.go:121","msg":"register failed","error":"context deadline exceeded"}
{"level":"ERROR","time":"2024-11-06T21:36:09.518+0800","caller":"discovery/discovery.go:121","msg":"register failed","error":"context deadline exceeded"}
{"level":"ERROR","time":"2024-11-06T21:36:12.519+0800","caller":"discovery/discovery.go:121","msg":"register failed","error":"context deadline exceeded"}
{"level":"ERROR","time":"2024-11-06T21:36:15.519+0800","caller":"discovery/discovery.go:121","msg":"register failed","error":"context deadline exceeded"}
{"level":"ERROR","time":"2024-11-06T21:36:16.188+0800","caller":"discovery/resolver.go:104","msg":"sync failed","error":"context deadline exceeded"}
{"level":"ERROR","time":"2024-11-06T21:36:18.520+0800","caller":"discovery/discovery.go:121","msg":"register failed","error":"context deadline exceeded"}
{"level":"ERROR","time":"2024-11-06T21:36:21.520+0800","caller":"discovery/discovery.go:121","msg":"register failed","error":"context deadline exceeded"}
{"level":"ERROR","time":"2024-11-06T21:36:24.520+0800","caller":"discovery/discovery.go:121","msg":"register failed","error":"context deadline exceeded"}
{"level":"ERROR","time":"2024-11-06T21:36:27.521+0800","caller":"discovery/discovery.go:121","msg":"register failed","error":"context deadline exceeded"}
{"level":"ERROR","time":"2024-11-06T21:36:30.521+0800","caller":"discovery/discovery.go:121","msg":"register failed","error":"context deadline exceeded"}
{"level":"ERROR","time":"2024-11-06T21:36:33.522+0800","caller":"discovery/discovery.go:121","msg":"register failed","error":"context deadline exceeded"}
{"level":"ERROR","time":"2024-11-06T21:36:36.522+0800","caller":"discovery/discovery.go:121","msg":"register failed","error":"context deadline exceeded"}
{"level":"ERROR","time":"2024-11-06T21:36:39.523+0800","caller":"discovery/discovery.go:121","msg":"register failed","error":"context deadline exceeded"}
{"level":"ERROR","time":"2024-11-06T21:36:42.523+0800","caller":"discovery/discovery.go:121","msg":"register failed","error":"context deadline exceeded"}
{"level":"ERROR","time":"2024-11-06T21:36:45.524+0800","caller":"discovery/discovery.go:121","msg":"register failed","error":"context deadline exceeded"}
{"level":"ERROR","time":"2024-11-06T21:36:48.524+0800","caller":"discovery/discovery.go:121","msg":"register failed","error":"context deadline exceeded"}
{"level":"ERROR","time":"2024-11-06T21:36:51.525+0800","caller":"discovery/discovery.go:121","msg":"register failed","error":"context deadline exceeded"}
{"level":"ERROR","time":"2024-11-06T21:36:54.525+0800","caller":"discovery/discovery.go:121","msg":"register failed","error":"context deadline exceeded"}
{"level":"ERROR","time":"2024-11-06T21:36:57.526+0800","caller":"discovery/discovery.go:121","msg":"register failed","error":"context deadline exceeded"}
{"level":"ERROR","time":"2024-11-06T21:37:00.526+0800","caller":"discovery/discovery.go:121","msg":"register failed","error":"context deadline exceeded"}
{"level":"ERROR","time":"2024-11-06T21:37:03.527+0800","caller":"discovery/discovery.go:121","msg":"register failed","error":"context deadline exceeded"}
{"level":"ERROR","time":"2024-11-06T21:37:06.527+0800","caller":"discovery/discovery.go:121","msg":"register failed","error":"context deadline exceeded"}
{"level":"ERROR","time":"2024-11-06T21:37:09.527+0800","caller":"discovery/discovery.go:121","msg":"register failed","error":"context deadline exceeded"}
{"level":"ERROR","time":"2024-11-06T21:37:12.528+0800","caller":"discovery/discovery.go:121","msg":"register failed","error":"context deadline exceeded"}
{"level":"ERROR","time":"2024-11-06T21:37:15.529+0800","caller":"discovery/discovery.go:121","msg":"register failed","error":"context deadline exceeded"}
{"level":"ERROR","time":"2024-11-06T21:37:16.187+0800","caller":"discovery/resolver.go:104","msg":"sync failed","error":"context deadline exceeded"}
{"level":"ERROR","time":"2024-11-06T21:37:18.529+0800","caller":"discovery/discovery.go:121","msg":"register failed","error":"context deadline exceeded"}
{"level":"ERROR","time":"2024-11-06T21:37:21.529+0800","caller":"discovery/discovery.go:121","msg":"register failed","error":"context deadline exceeded"}
{"level":"ERROR","time":"2024-11-06T21:37:24.529+0800","caller":"discovery/discovery.go:121","msg":"register failed","error":"context deadline exceeded"}
{"level":"ERROR","time":"2024-11-06T21:37:27.530+0800","caller":"discovery/discovery.go:121","msg":"register failed","error":"context deadline exceeded"}
{"level":"ERROR","time":"2024-11-06T21:37:30.530+0800","caller":"discovery/discovery.go:121","msg":"register failed","error":"context deadline exceeded"}
{"level":"ERROR","time":"2024-11-06T21:37:33.531+0800","caller":"discovery/discovery.go:121","msg":"register failed","error":"context deadline exceeded"}
{"level":"ERROR","time":"2024-11-06T21:37:36.531+0800","caller":"discovery/discovery.go:121","msg":"register failed","error":"context deadline exceeded"}
{"level":"ERROR","time":"2024-11-06T21:37:39.531+0800","caller":"discovery/discovery.go:121","msg":"register failed","error":"context deadline exceeded"}
{"level":"ERROR","time":"2024-11-06T21:37:42.532+0800","caller":"discovery/discovery.go:121","msg":"register failed","error":"context deadline exceeded"}
{"level":"ERROR","time":"2024-11-06T21:37:45.532+0800","caller":"discovery/discovery.go:121","msg":"register failed","error":"context deadline exceeded"}
{"level":"ERROR","time":"2024-11-06T21:37:48.533+0800","caller":"discovery/discovery.go:121","msg":"register failed","error":"context deadline exceeded"}
{"level":"ERROR","time":"2024-11-06T21:37:51.533+0800","caller":"discovery/discovery.go:121","msg":"register failed","error":"context deadline exceeded"}
{"level":"ERROR","time":"2024-11-06T21:37:54.533+0800","caller":"discovery/discovery.go:121","msg":"register failed","error":"context deadline exceeded"}
{"level":"ERROR","time":"2024-11-06T21:37:57.534+0800","caller":"discovery/discovery.go:121","msg":"register failed","error":"context deadline exceeded"}
{"level":"ERROR","time":"2024-11-06T21:38:00.534+0800","caller":"discovery/discovery.go:121","msg":"register failed","error":"context deadline exceeded"}
{"level":"ERROR","time":"2024-11-06T21:38:03.534+0800","caller":"discovery/discovery.go:121","msg":"register failed","error":"context deadline exceeded"}
{"level":"ERROR","time":"2024-11-06T21:38:06.535+0800","caller":"discovery/discovery.go:121","msg":"register failed","error":"context deadline exceeded"}
{"level":"ERROR","time":"2024-11-06T21:38:09.535+0800","caller":"discovery/discovery.go:121","msg":"register failed","error":"context deadline exceeded"}
{"level":"ERROR","time":"2024-11-06T21:38:12.536+0800","caller":"discovery/discovery.go:121","msg":"register failed","error":"context deadline exceeded"}
{"level":"ERROR","time":"2024-11-06T21:38:15.536+0800","caller":"discovery/discovery.go:121","msg":"register failed","error":"context deadline exceeded"}
{"level":"ERROR","time":"2024-11-06T21:38:30.752+0800","caller":"discovery/discovery.go:121","msg":"register failed","error":"context deadline exceeded"}
{"level":"ERROR","time":"2024-11-06T21:38:33.752+0800","caller":"discovery/discovery.go:121","msg":"register failed","error":"context deadline exceeded"}
{"level":"ERROR","time":"2024-11-06T21:38:36.753+0800","caller":"discovery/discovery.go:121","msg":"register failed","error":"context deadline exceeded"}
{"level":"ERROR","time":"2024-11-06T21:38:39.754+0800","caller":"discovery/discovery.go:121","msg":"register failed","error":"context deadline exceeded"}
{"level":"ERROR","time":"2024-11-06T21:38:42.754+0800","caller":"discovery/discovery.go:121","msg":"register failed","error":"context deadline exceeded"}
{"level":"ERROR","time":"2024-11-06T21:38:45.754+0800","caller":"discovery/discovery.go:121","msg":"register failed","error":"context deadline exceeded"}
{"level":"ERROR","time":"2024-11-06T21:38:48.755+0800","caller":"discovery/discovery.go:121","msg":"register failed","error":"context deadline exceeded"}
{"level":"ERROR","time":"2024-11-06T21:38:51.755+0800","caller":"discovery/discovery.go:121","msg":"register failed","error":"context deadline exceeded"}
{"level":"ERROR","time":"2024-11-06T21:38:54.755+0800","caller":"discovery/discovery.go:121","msg":"register failed","error":"context deadline exceeded"}
{"level":"ERROR","time":"2024-11-06T21:38:57.756+0800","caller":"discovery/discovery.go:121","msg":"register failed","error":"context deadline exceeded"}
{"level":"ERROR","time":"2024-11-06T21:39:00.756+0800","caller":"discovery/discovery.go:121","msg":"register failed","error":"context deadline exceeded"}
{"level":"ERROR","time":"2024-11-06T21:39:03.757+0800","caller":"discovery/discovery.go:121","msg":"register failed","error":"context deadline exceeded"}
{"level":"ERROR","time":"2024-11-06T21:39:06.757+0800","caller":"discovery/discovery.go:121","msg":"register failed","error":"context deadline exceeded"}
{"level":"ERROR","time":"2024-11-06T21:39:09.758+0800","caller":"discovery/discovery.go:121","msg":"register failed","error":"context deadline exceeded"}
{"level":"ERROR","time":"2024-11-06T21:39:12.759+0800","caller":"discovery/discovery.go:121","msg":"register failed","error":"context deadline exceeded"}
{"level":"ERROR","time":"2024-11-06T21:39:15.759+0800","caller":"discovery/discovery.go:121","msg":"register failed","error":"context deadline exceeded"}
{"level":"ERROR","time":"2024-11-06T21:39:16.187+0800","caller":"discovery/resolver.go:104","msg":"sync failed","error":"context deadline exceeded"}
{"level":"ERROR","time":"2024-11-06T21:39:18.760+0800","caller":"discovery/discovery.go:121","msg":"register failed","error":"context deadline exceeded"}
{"level":"ERROR","time":"2024-11-06T21:39:21.761+0800","caller":"discovery/discovery.go:121","msg":"register failed","error":"context deadline exceeded"}
{"level":"ERROR","time":"2024-11-06T21:39:24.761+0800","caller":"discovery/discovery.go:121","msg":"register failed","error":"context deadline exceeded"}
{"level":"ERROR","time":"2024-11-06T21:39:27.762+0800","caller":"discovery/discovery.go:121","msg":"register failed","error":"context deadline exceeded"}
{"level":"ERROR","time":"2024-11-06T21:39:30.762+0800","caller":"discovery/discovery.go:121","msg":"register failed","error":"context deadline exceeded"}
{"level":"ERROR","time":"2024-11-06T21:39:33.762+0800","caller":"discovery/discovery.go:121","msg":"register failed","error":"context deadline exceeded"}
{"level":"ERROR","time":"2024-11-06T21:39:36.763+0800","caller":"discovery/discovery.go:121","msg":"register failed","error":"context deadline exceeded"}
{"level":"ERROR","time":"2024-11-06T21:39:39.763+0800","caller":"discovery/discovery.go:121","msg":"register failed","error":"context deadline exceeded"}
{"level":"ERROR","time":"2024-11-06T21:39:42.764+0800","caller":"discovery/discovery.go:121","msg":"register failed","error":"context deadline exceeded"}
{"level":"ERROR","time":"2024-11-06T21:39:45.764+0800","caller":"discovery/discovery.go:121","msg":"register failed","error":"context deadline exceeded"}
{"level":"ERROR","time":"2024-11-06T21:39:48.764+0800","caller":"discovery/discovery.go:121","msg":"register failed","error":"context deadline exceeded"}
{"level":"ERROR","time":"2024-11-06T21:39:51.765+0800","caller":"discovery/discovery.go:121","msg":"register failed","error":"context deadline exceeded"}
{"level":"ERROR","time":"2024-11-06T21:39:54.765+0800","caller":"discovery/discovery.go:121","msg":"register failed","error":"context deadline exceeded"}
{"level":"ERROR","time":"2024-11-06T21:39:57.766+0800","caller":"discovery/discovery.go:121","msg":"register failed","error":"context deadline exceeded"}
{"level":"ERROR","time":"2024-11-06T21:40:00.766+0800","caller":"discovery/discovery.go:121","msg":"register failed","error":"context deadline exceeded"}
{"level":"ERROR","time":"2024-11-06T21:40:03.767+0800","caller":"discovery/discovery.go:121","msg":"register failed","error":"context deadline exceeded"}
{"level":"ERROR","time":"2024-11-06T21:40:06.767+0800","caller":"discovery/discovery.go:121","msg":"register failed","error":"context deadline exceeded"}
{"level":"ERROR","time":"2024-11-06T21:40:09.768+0800","caller":"discovery/discovery.go:121","msg":"register failed","error":"context deadline exceeded"}
{"level":"ERROR","time":"2024-11-06T21:40:12.768+0800","caller":"discovery/discovery.go:121","msg":"register failed","error":"context deadline exceeded"}
{"level":"ERROR","time":"2024-11-06T21:40:15.769+0800","caller":"discovery/discovery.go:121","msg":"register failed","error":"context deadline exceeded"}
{"level":"ERROR","time":"2024-11-06T21:40:16.187+0800","caller":"discovery/resolver.go:104","msg":"sync failed","error":"context deadline exceeded"}
{"level":"ERROR","time":"2024-11-06T21:40:18.769+0800","caller":"discovery/discovery.go:121","msg":"register failed","error":"context deadline exceeded"}
{"level":"ERROR","time":"2024-11-06T21:40:21.770+0800","caller":"discovery/discovery.go:121","msg":"register failed","error":"context deadline exceeded"}
{"level":"ERROR","time":"2024-11-06T21:40:24.770+0800","caller":"discovery/discovery.go:121","msg":"register failed","error":"context deadline exceeded"}
{"level":"ERROR","time":"2024-11-06T21:40:27.770+0800","caller":"discovery/discovery.go:121","msg":"register failed","error":"context deadline exceeded"}
{"level":"ERROR","time":"2024-11-06T21:40:30.770+0800","caller":"discovery/discovery.go:121","msg":"register failed","error":"context deadline exceeded"}
{"level":"ERROR","time":"2024-11-06T21:40:33.771+0800","caller":"discovery/discovery.go:121","msg":"register failed","error":"context deadline exceeded"}
{"level":"ERROR","time":"2024-11-06T21:40:36.771+0800","caller":"discovery/discovery.go:121","msg":"register failed","error":"context deadline exceeded"}
{"level":"ERROR","time":"2024-11-06T21:40:39.771+0800","caller":"discovery/discovery.go:121","msg":"register failed","error":"context deadline exceeded"}
{"level":"ERROR","time":"2024-11-06T21:40:42.772+0800","caller":"discovery/discovery.go:121","msg":"register failed","error":"context deadline exceeded"}
{"level":"ERROR","time":"2024-11-06T21:40:45.772+0800","caller":"discovery/discovery.go:121","msg":"register failed","error":"context deadline exceeded"}
{"level":"ERROR","time":"2024-11-06T21:40:48.772+0800","caller":"discovery/discovery.go:121","msg":"register failed","error":"context deadline exceeded"}
{"level":"ERROR","time":"2024-11-06T21:40:51.773+0800","caller":"discovery/discovery.go:121","msg":"register failed","error":"context deadline exceeded"}
{"level":"ERROR","time":"2024-11-06T21:40:54.773+0800","caller":"discovery/discovery.go:121","msg":"register failed","error":"context deadline exceeded"}
{"level":"ERROR","time":"2024-11-06T21:40:57.773+0800","caller":"discovery/discovery.go:121","msg":"register failed","error":"context deadline exceeded"}
{"level":"ERROR","time":"2024-11-06T21:41:00.774+0800","caller":"discovery/discovery.go:121","msg":"register failed","error":"context deadline exceeded"}
{"level":"ERROR","time":"2024-11-06T21:41:03.774+0800","caller":"discovery/discovery.go:121","msg":"register failed","error":"context deadline exceeded"}
{"level":"ERROR","time":"2024-11-06T21:41:06.775+0800","caller":"discovery/discovery.go:121","msg":"register failed","error":"context deadline exceeded"}
{"level":"ERROR","time":"2024-11-06T21:41:09.775+0800","caller":"discovery/discovery.go:121","msg":"register failed","error":"context deadline exceeded"}
{"level":"ERROR","time":"2024-11-06T21:41:12.775+0800","caller":"discovery/discovery.go:121","msg":"register failed","error":"context deadline exceeded"}
{"level":"ERROR","time":"2024-11-06T21:41:15.776+0800","caller":"discovery/discovery.go:121","msg":"register failed","error":"context deadline exceeded"}
{"level":"ERROR","time":"2024-11-06T21:41:16.187+0800","caller":"discovery/resolver.go:104","msg":"sync failed","error":"context deadline exceeded"}
{"level":"ERROR","time":"2024-11-06T21:41:18.776+0800","caller":"discovery/discovery.go:121","msg":"register failed","error":"context deadline exceeded"}
{"level":"ERROR","time":"2024-11-06T21:41:21.777+0800","caller":"discovery/discovery.go:121","msg":"register failed","error":"context deadline exceeded"}
{"level":"ERROR","time":"2024-11-06T21:41:24.777+0800","caller":"discovery/discovery.go:121","msg":"register failed","error":"context deadline exceeded"}
{"level":"ERROR","time":"2024-11-06T21:41:27.778+0800","caller":"discovery/discovery.go:121","msg":"register failed","error":"context deadline exceeded"}
{"level":"ERROR","time":"2024-11-06T21:41:30.778+0800","caller":"discovery/discovery.go:121","msg":"register failed","error":"context deadline exceeded"}
{"level":"ERROR","time":"2024-11-06T21:41:33.779+0800","caller":"discovery/discovery.go:121","msg":"register failed","error":"context deadline exceeded"}
{"level":"ERROR","time":"2024-11-06T21:41:36.779+0800","caller":"discovery/discovery.go:121","msg":"register failed","error":"context deadline exceeded"}
{"level":"ERROR","time":"2024-11-06T21:41:39.780+0800","caller":"discovery/discovery.go:121","msg":"register failed","error":"context deadline exceeded"}
{"level":"ERROR","time":"2024-11-06T21:41:42.780+0800","caller":"discovery/discovery.go:121","msg":"register failed","error":"context deadline exceeded"}
{"level":"ERROR","time":"2024-11-06T21:41:45.781+0800","caller":"discovery/discovery.go:121","msg":"register failed","error":"context deadline exceeded"}
{"level":"ERROR","time":"2024-11-06T21:41:48.781+0800","caller":"discovery/discovery.go:121","msg":"register failed","error":"context deadline exceeded"}
{"level":"ERROR","time":"2024-11-06T21:41:51.781+0800","caller":"discovery/discovery.go:121","msg":"register failed","error":"context deadline exceeded"}
{"level":"ERROR","time":"2024-11-06T21:41:54.782+0800","caller":"discovery/discovery.go:121","msg":"register failed","error":"context deadline exceeded"}
{"level":"ERROR","time":"2024-11-06T21:41:57.782+0800","caller":"discovery/discovery.go:121","msg":"register failed","error":"context deadline exceeded"}
{"level":"ERROR","time":"2024-11-06T21:42:00.782+0800","caller":"discovery/discovery.go:121","msg":"register failed","error":"context deadline exceeded"}
{"level":"ERROR","time":"2024-11-06T21:42:03.783+0800","caller":"discovery/discovery.go:121","msg":"register failed","error":"context deadline exceeded"}
{"level":"ERROR","time":"2024-11-06T21:42:06.783+0800","caller":"discovery/discovery.go:121","msg":"register failed","error":"context deadline exceeded"}
{"level":"ERROR","time":"2024-11-06T21:42:09.784+0800","caller":"discovery/discovery.go:121","msg":"register failed","error":"context deadline exceeded"}
{"level":"ERROR","time":"2024-11-06T21:42:12.784+0800","caller":"discovery/discovery.go:121","msg":"register failed","error":"context deadline exceeded"}
{"level":"ERROR","time":"2024-11-06T21:42:15.785+0800","caller":"discovery/discovery.go:121","msg":"register failed","error":"context deadline exceeded"}
{"level":"ERROR","time":"2024-11-06T21:42:16.187+0800","caller":"discovery/resolver.go:104","msg":"sync failed","error":"context deadline exceeded"}
{"level":"ERROR","time":"2024-11-06T21:42:18.785+0800","caller":"discovery/discovery.go:121","msg":"register failed","error":"context deadline exceeded"}
{"level":"ERROR","time":"2024-11-06T21:42:21.786+0800","caller":"discovery/discovery.go:121","msg":"register failed","error":"context deadline exceeded"}
{"level":"ERROR","time":"2024-11-06T21:42:24.786+0800","caller":"discovery/discovery.go:121","msg":"register failed","error":"context deadline exceeded"}
{"level":"ERROR","time":"2024-11-06T21:42:27.788+0800","caller":"discovery/discovery.go:121","msg":"register failed","error":"context deadline exceeded"}
{"level":"ERROR","time":"2024-11-06T21:42:30.788+0800","caller":"discovery/discovery.go:121","msg":"register failed","error":"context deadline exceeded"}
{"level":"ERROR","time":"2024-11-06T21:42:33.789+0800","caller":"discovery/discovery.go:121","msg":"register failed","error":"context deadline exceeded"}
{"level":"ERROR","time":"2024-11-06T21:42:36.790+0800","caller":"discovery/discovery.go:121","msg":"register failed","error":"context deadline exceeded"}
{"level":"ERROR","time":"2024-11-06T21:42:39.792+0800","caller":"discovery/discovery.go:121","msg":"register failed","error":"context deadline exceeded"}
{"level":"ERROR","time":"2024-11-06T21:42:42.793+0800","caller":"discovery/discovery.go:121","msg":"register failed","error":"context deadline exceeded"}
{"level":"ERROR","time":"2024-11-06T21:42:45.793+0800","caller":"discovery/discovery.go:121","msg":"register failed","error":"context deadline exceeded"}
{"level":"ERROR","time":"2024-11-06T21:42:48.793+0800","caller":"discovery/discovery.go:121","msg":"register failed","error":"context deadline exceeded"}
{"level":"ERROR","time":"2024-11-06T21:42:51.794+0800","caller":"discovery/discovery.go:121","msg":"register failed","error":"context deadline exceeded"}
{"level":"ERROR","time":"2024-11-06T21:42:54.794+0800","caller":"discovery/discovery.go:121","msg":"register failed","error":"context deadline exceeded"}
{"level":"ERROR","time":"2024-11-06T21:42:57.795+0800","caller":"discovery/discovery.go:121","msg":"register failed","error":"context deadline exceeded"}
{"level":"ERROR","time":"2024-11-06T21:43:00.795+0800","caller":"discovery/discovery.go:121","msg":"register failed","error":"context deadline exceeded"}
{"level":"ERROR","time":"2024-11-06T21:43:03.795+0800","caller":"discovery/discovery.go:121","msg":"register failed","error":"context deadline exceeded"}
{"level":"ERROR","time":"2024-11-06T21:43:06.795+0800","caller":"discovery/discovery.go:121","msg":"register failed","error":"context deadline exceeded"}
{"level":"ERROR","time":"2024-11-06T21:43:09.795+0800","caller":"discovery/discovery.go:121","msg":"register failed","error":"context deadline exceeded"}
{"level":"ERROR","time":"2024-11-06T21:43:12.796+0800","caller":"discovery/discovery.go:121","msg":"register failed","error":"context deadline exceeded"}
{"level":"ERROR","time":"2024-11-06T21:43:15.796+0800","caller":"discovery/discovery.go:121","msg":"register failed","error":"context deadline exceeded"}
{"level":"ERROR","time":"2024-11-06T21:43:16.187+0800","caller":"discovery/resolver.go:104","msg":"sync failed","error":"context deadline exceeded"}
{"level":"INFO","time":"2024-11-06T21:43:48.080+0800","caller":"login.service.v1/login_service.go:47","msg":"短信平台调用成功，发送短信"}
{"level":"INFO","time":"2024-11-06T21:46:41.468+0800","caller":"login.service.v1/login_service.go:47","msg":"短信平台调用成功，发送短信"}
{"level":"INFO","time":"2024-11-06T21:50:38.842+0800","caller":"login.service.v1/login_service.go:47","msg":"短信平台调用成功，发送短信"}
{"level":"INFO","time":"2024-11-06T21:52:08.652+0800","caller":"login.service.v1/login_service.go:47","msg":"短信平台调用成功，发送短信"}
{"level":"INFO","time":"2024-11-08T19:19:44.396+0800","caller":"login.service.v1/login_service.go:52","msg":"短信平台调用成功，发送短信"}
{"level":"ERROR","time":"2024-11-08T19:19:49.410+0800","caller":"login.service.v1/login_service.go:136","msg":"register SaveOrganization db err","error":"Error 1406 (22001): Data too long for column 'avatar' at row 1"}
{"level":"INFO","time":"2024-11-08T19:49:56.634+0800","caller":"login.service.v1/login_service.go:52","msg":"短信平台调用成功，发送短信"}
{"level":"ERROR","time":"2024-11-08T19:49:57.099+0800","caller":"login.service.v1/login_service.go:136","msg":"register SaveOrganization db err","error":"Error 1406 (22001): Data too long for column 'avatar' at row 1"}
{"level":"INFO","time":"2024-11-11T15:56:39.637+0800","caller":"login.service.v1/login_service.go:56","msg":"短信平台调用成功，发送短信"}
{"level":"ERROR","time":"2024-11-11T19:24:02.831+0800","caller":"discovery/discovery.go:121","msg":"register failed","error":"context deadline exceeded"}
{"level":"ERROR","time":"2024-11-11T19:24:05.511+0800","caller":"discovery/resolver.go:104","msg":"sync failed","error":"context deadline exceeded"}
{"level":"ERROR","time":"2024-11-11T19:24:05.922+0800","caller":"discovery/discovery.go:121","msg":"register failed","error":"context deadline exceeded"}
{"level":"ERROR","time":"2024-11-11T19:24:08.922+0800","caller":"discovery/discovery.go:121","msg":"register failed","error":"context deadline exceeded"}
{"level":"ERROR","time":"2024-11-11T19:24:11.924+0800","caller":"discovery/discovery.go:121","msg":"register failed","error":"context deadline exceeded"}
{"level":"ERROR","time":"2024-11-11T19:24:14.924+0800","caller":"discovery/discovery.go:121","msg":"register failed","error":"context deadline exceeded"}
{"level":"ERROR","time":"2024-11-11T19:24:17.924+0800","caller":"discovery/discovery.go:121","msg":"register failed","error":"context deadline exceeded"}
